c:\users\makow\desktop\prod_spestera\spesteraengine_server\spesteraengine_zoneserver\x64\debug\vc143.pdb
c:\users\makow\desktop\prod_spestera\spesteraengine_server\spesteraengine_zoneserver\x64\debug\vc143.idb
c:\users\makow\desktop\prod_spestera\spesteraengine_server\spesteraengine_zoneserver\x64\debug\tdm.obj
c:\users\makow\desktop\prod_spestera\spesteraengine_server\spesteraengine_zoneserver\x64\debug\tcpconnector.obj
c:\users\makow\desktop\prod_spestera\spesteraengine_server\spesteraengine_zoneserver\x64\debug\serverstopwatch.obj
c:\users\makow\desktop\prod_spestera\spesteraengine_server\spesteraengine_zoneserver\x64\debug\zonecharacter.obj
c:\users\makow\desktop\prod_spestera\spesteraengine_server\spesteraengine_zoneserver\x64\debug\networkprotocol.pb.obj
c:\users\makow\desktop\prod_spestera\spesteraengine_server\spesteraengine_zoneserver\x64\debug\messageinterpreter.obj
c:\users\makow\desktop\prod_spestera\spesteraengine_server\spesteraengine_zoneserver\x64\debug\externalconnection.obj
c:\users\makow\desktop\prod_spestera\spesteraengine_server\spesteraengine_zoneserver\x64\debug\connectionsmanager.obj
c:\users\makow\desktop\prod_spestera\spesteraengine_server\spesteraengine_zoneserver\x64\debug\configreader.obj
c:\users\makow\desktop\prod_spestera\spesteraengine_server\spesteraengine_zoneserver\x64\debug\binarycompressor.obj
c:\users\makow\desktop\prod_spestera\spesteraengine_server\spesteraengine_zoneserver\x64\debug\udpserver.obj
c:\users\makow\desktop\prod_spestera\spesteraengine_server\spesteraengine_zoneserver\x64\debug\heartbeatsmanager.obj
c:\users\makow\desktop\prod_spestera\spesteraengine_server\spesteraengine_zoneserver\x64\debug\init_zoneserver.obj
c:\users\makow\desktop\prod_spestera\spesteraengine_server\spesteraengine_zoneserver\x64\debug\zonemap.obj
c:\users\makow\desktop\prod_spestera\spesteraengine_server\spesteraengine_zoneserver\x64\debug\sskey.obj
c:\users\makow\desktop\prod_spestera\spesteraengine_server\spesteraengine_zoneserver\x64\debug\spatialgrid.obj
c:\users\makow\desktop\prod_spestera\spesteraengine_server\spesteraengine_zoneserver\x64\debug\mapreader.obj
c:\users\makow\desktop\prod_spestera\spesteraengine_server\spesteraengine_zoneserver\x64\debug\chunk.obj
c:\users\makow\desktop\prod_spestera\spesteraengine_server\spesteraengine_zoneserver\x64\debug\movableobject.obj
c:\users\makow\desktop\prod_spestera\spesteraengine_server\spesteraengine_zoneserver\x64\debug\chunkheartbeat.obj
c:\users\makow\desktop\prod_spestera\spesteraengine_server\spesteraengine_zoneserver\x64\debug\zsprotocol.pb.obj
c:\users\makow\desktop\prod_spestera\spesteraengine_server\x64\debug\spesteraengine_zoneserver.exe
c:\users\makow\desktop\prod_spestera\spesteraengine_server\x64\debug\spesteraengine_zoneserver.pdb
c:\users\makow\desktop\prod_spestera\spesteraengine_server\x64\debug\abseil_dll.dll
c:\users\makow\desktop\prod_spestera\spesteraengine_server\x64\debug\libprotobuf-lited.dll
c:\users\makow\desktop\prod_spestera\spesteraengine_server\x64\debug\libprotobufd.dll
c:\users\makow\desktop\prod_spestera\spesteraengine_server\x64\debug\zlibd1.dll
c:\users\makow\desktop\prod_spestera\spesteraengine_server\x64\debug\libcrypto-3-x64.dll
c:\users\makow\desktop\prod_spestera\spesteraengine_server\spesteraengine_zoneserver\x64\debug\spesteraengine_zoneserver.ilk
c:\users\makow\desktop\prod_spestera\spesteraengine_server\spesteraengine_zoneserver\x64\debug\mapchunk.obj
c:\users\makow\desktop\prod_spestera\spesteraengine_server\spesteraengine_zoneserver\x64\debug\mapmanager.obj
c:\users\makow\desktop\prod_spestera\spesteraengine_server\spesteraengine_zoneserver\x64\debug\playercharacter.obj
c:\users\makow\desktop\prod_spestera\spesteraengine_server\spesteraengine_zoneserver\x64\debug\serverheartbeat.obj
c:\users\makow\desktop\prod_spestera\spesteraengine_server\spesteraengine_zoneserver\x64\debug\spestera.ba104c7f.tlog\cl.command.1.tlog
c:\users\makow\desktop\prod_spestera\spesteraengine_server\spesteraengine_zoneserver\x64\debug\spestera.ba104c7f.tlog\cl.items.tlog
c:\users\makow\desktop\prod_spestera\spesteraengine_server\spesteraengine_zoneserver\x64\debug\spestera.ba104c7f.tlog\cl.read.1.tlog
c:\users\makow\desktop\prod_spestera\spesteraengine_server\spesteraengine_zoneserver\x64\debug\spestera.ba104c7f.tlog\cl.write.1.tlog
c:\users\makow\desktop\prod_spestera\spesteraengine_server\spesteraengine_zoneserver\x64\debug\spestera.ba104c7f.tlog\link.command.1.tlog
c:\users\makow\desktop\prod_spestera\spesteraengine_server\spesteraengine_zoneserver\x64\debug\spestera.ba104c7f.tlog\link.read.1.tlog
c:\users\makow\desktop\prod_spestera\spesteraengine_server\spesteraengine_zoneserver\x64\debug\spestera.ba104c7f.tlog\link.secondary.1.tlog
c:\users\makow\desktop\prod_spestera\spesteraengine_server\spesteraengine_zoneserver\x64\debug\spestera.ba104c7f.tlog\link.write.1.tlog
c:\users\makow\desktop\prod_spestera\spesteraengine_server\spesteraengine_zoneserver\x64\debug\spestera.ba104c7f.tlog\spesteraengine_zoneserver.write.1u.tlog
