  ServerHeartbeat.cpp
  Please define _WIN32_WINNT or _WIN32_WINDOWS appropriately. For example:
  - add -D_WIN32_WINNT=0x0601 to the compiler command line; or
  - add _WIN32_WINNT=0x0601 to your project's Preprocessor Definitions.
  Assuming _WIN32_WINNT=0x0601 (i.e. Windows 7 target).
C:\Users\makow\vcpkg\installed\x64-windows\include\google\protobuf\io\coded_stream.h(1262,28): warning C4251: 'google::protobuf::io::CodedOutputStream::default_serialization_deterministic_': 'std::atomic<bool>' needs to have dll-interface to be used by clients of 'google::protobuf::io::CodedOutputStream'
C:\Users\makow\vcpkg\installed\x64-windows\include\google\protobuf\serial_arena.h(371,22): warning C4251: 'google::protobuf::internal::SerialArena::ptr_': 'std::atomic<char *>' needs to have dll-interface to be used by clients of 'google::protobuf::internal::SerialArena'
C:\Users\makow\vcpkg\installed\x64-windows\include\google\protobuf\serial_arena.h(381,29): warning C4251: 'google::protobuf::internal::SerialArena::string_block_': 'std::atomic<google::protobuf::internal::StringBlock *>' needs to have dll-interface to be used by clients of 'google::protobuf::internal::SerialArena'
C:\Users\makow\vcpkg\installed\x64-windows\include\google\protobuf\serial_arena.h(386,23): warning C4251: 'google::protobuf::internal::SerialArena::string_block_unused_': 'std::atomic<unsigned __int64>' needs to have dll-interface to be used by clients of 'google::protobuf::internal::SerialArena'
C:\Users\makow\vcpkg\installed\x64-windows\include\google\protobuf\serial_arena.h(388,28): warning C4251: 'google::protobuf::internal::SerialArena::head_': 'std::atomic<google::protobuf::internal::ArenaBlock *>' needs to have dll-interface to be used by clients of 'google::protobuf::internal::SerialArena'
C:\Users\makow\vcpkg\installed\x64-windows\include\google\protobuf\serial_arena.h(389,23): warning C4251: 'google::protobuf::internal::SerialArena::space_used_': 'std::atomic<unsigned __int64>' needs to have dll-interface to be used by clients of 'google::protobuf::internal::SerialArena'
C:\Users\makow\vcpkg\installed\x64-windows\include\google\protobuf\serial_arena.h(390,23): warning C4251: 'google::protobuf::internal::SerialArena::space_allocated_': 'std::atomic<unsigned __int64>' needs to have dll-interface to be used by clients of 'google::protobuf::internal::SerialArena'
C:\Users\makow\vcpkg\installed\x64-windows\include\google\protobuf\thread_safe_arena.h(138,29): warning C4251: 'google::protobuf::internal::ThreadSafeArena::alloc_policy_': 'google::protobuf::internal::TaggedAllocationPolicyPtr' needs to have dll-interface to be used by clients of 'google::protobuf::internal::ThreadSafeArena'
C:\Users\makow\vcpkg\installed\x64-windows\include\google\protobuf\thread_safe_arena.h(139,30): warning C4251: 'google::protobuf::internal::ThreadSafeArena::arena_stats_': 'google::protobuf::internal::ThreadSafeArenaStatsHandle' needs to have dll-interface to be used by clients of 'google::protobuf::internal::ThreadSafeArena'
C:\Users\makow\vcpkg\installed\x64-windows\include\google\protobuf\thread_safe_arena.h(142,15): warning C4251: 'google::protobuf::internal::ThreadSafeArena::mutex_': 'absl::lts_20240116::Mutex' needs to have dll-interface to be used by clients of 'google::protobuf::internal::ThreadSafeArena'
C:\Users\makow\vcpkg\installed\x64-windows\include\google\protobuf\thread_safe_arena.h(144,34): warning C4251: 'google::protobuf::internal::ThreadSafeArena::head_': 'std::atomic<google::protobuf::internal::ThreadSafeArena::SerialArenaChunk *>' needs to have dll-interface to be used by clients of 'google::protobuf::internal::ThreadSafeArena'
C:\Users\makow\vcpkg\installed\x64-windows\include\google\protobuf\thread_safe_arena.h(241,39): warning C4251: 'google::protobuf::internal::ThreadSafeArena::lifecycle_id_': 'std::atomic<unsigned __int64>' needs to have dll-interface to be used by clients of 'google::protobuf::internal::ThreadSafeArena'
C:\Users\makow\vcpkg\installed\x64-windows\include\google\protobuf\arenastring.h(60,43): warning C4251: 'google::protobuf::internal::LazyString::inited_': 'std::atomic<const std::string *>' needs to have dll-interface to be used by clients of 'google::protobuf::internal::LazyString'
C:\Users\makow\vcpkg\installed\x64-windows\include\google\protobuf\metadata_lite.h(248,15): warning C4251: 'google::protobuf::internal::LiteUnknownFieldSetter::buffer_': 'std::basic_string<char,std::char_traits<char>,std::allocator<char>>' needs to have dll-interface to be used by clients of 'google::protobuf::internal::LiteUnknownFieldSetter'
C:\Users\makow\vcpkg\installed\x64-windows\include\google\protobuf\message_lite.h(117,23): warning C4251: 'google::protobuf::internal::CachedSize::atom_': 'std::atomic<int>' needs to have dll-interface to be used by clients of 'google::protobuf::internal::CachedSize'
C:\Users\makow\vcpkg\installed\x64-windows\include\google\protobuf\extension_set.h(1059,26): warning C4251: 'google::protobuf::internal::RepeatedPrimitiveDefaults::default_repeated_field_int32_t_': 'google::protobuf::RepeatedField<int>' needs to have dll-interface to be used by clients of 'google::protobuf::internal::RepeatedPrimitiveDefaults'
C:\Users\makow\vcpkg\installed\x64-windows\include\google\protobuf\extension_set.h(1060,26): warning C4251: 'google::protobuf::internal::RepeatedPrimitiveDefaults::default_repeated_field_int64_t_': 'google::protobuf::RepeatedField<int64_t>' needs to have dll-interface to be used by clients of 'google::protobuf::internal::RepeatedPrimitiveDefaults'
C:\Users\makow\vcpkg\installed\x64-windows\include\google\protobuf\extension_set.h(1061,27): warning C4251: 'google::protobuf::internal::RepeatedPrimitiveDefaults::default_repeated_field_uint32_t_': 'google::protobuf::RepeatedField<uint32_t>' needs to have dll-interface to be used by clients of 'google::protobuf::internal::RepeatedPrimitiveDefaults'
C:\Users\makow\vcpkg\installed\x64-windows\include\google\protobuf\extension_set.h(1062,27): warning C4251: 'google::protobuf::internal::RepeatedPrimitiveDefaults::default_repeated_field_uint64_t_': 'google::protobuf::RepeatedField<uint64_t>' needs to have dll-interface to be used by clients of 'google::protobuf::internal::RepeatedPrimitiveDefaults'
C:\Users\makow\vcpkg\installed\x64-windows\include\google\protobuf\extension_set.h(1063,25): warning C4251: 'google::protobuf::internal::RepeatedPrimitiveDefaults::default_repeated_field_double_': 'google::protobuf::RepeatedField<double>' needs to have dll-interface to be used by clients of 'google::protobuf::internal::RepeatedPrimitiveDefaults'
C:\Users\makow\vcpkg\installed\x64-windows\include\google\protobuf\extension_set.h(1064,24): warning C4251: 'google::protobuf::internal::RepeatedPrimitiveDefaults::default_repeated_field_float_': 'google::protobuf::RepeatedField<float>' needs to have dll-interface to be used by clients of 'google::protobuf::internal::RepeatedPrimitiveDefaults'
C:\Users\makow\vcpkg\installed\x64-windows\include\google\protobuf\extension_set.h(1065,23): warning C4251: 'google::protobuf::internal::RepeatedPrimitiveDefaults::default_repeated_field_bool_': 'google::protobuf::RepeatedField<bool>' needs to have dll-interface to be used by clients of 'google::protobuf::internal::RepeatedPrimitiveDefaults'
C:\Users\makow\vcpkg\installed\x64-windows\include\google\protobuf\descriptor.h(2461,27): warning C4251: 'google::protobuf::DescriptorPool::tables_': 'std::unique_ptr<google::protobuf::DescriptorPool::Tables,std::default_delete<google::protobuf::DescriptorPool::Tables>>' needs to have dll-interface to be used by clients of 'google::protobuf::DescriptorPool'
C:\Users\makow\vcpkg\installed\x64-windows\include\google\protobuf\descriptor.h(2474,42): warning C4251: 'google::protobuf::DescriptorPool::unused_import_track_files_': 'absl::lts_20240116::flat_hash_map<std::string,bool,absl::lts_20240116::container_internal::StringHash,absl::lts_20240116::container_internal::StringEq,std::allocator<std::pair<const K,V>>>' needs to have dll-interface to be used by clients of 'google::protobuf::DescriptorPool'
C:\Users\makow\vcpkg\installed\x64-windows\include\google\protobuf\descriptor.h(2474,42): warning C4251:         with
C:\Users\makow\vcpkg\installed\x64-windows\include\google\protobuf\descriptor.h(2474,42): warning C4251:         [
C:\Users\makow\vcpkg\installed\x64-windows\include\google\protobuf\descriptor.h(2474,42): warning C4251:             K=std::string,
C:\Users\makow\vcpkg\installed\x64-windows\include\google\protobuf\descriptor.h(2474,42): warning C4251:             V=bool
C:\Users\makow\vcpkg\installed\x64-windows\include\google\protobuf\descriptor.h(2474,42): warning C4251:         ]
C:\Users\makow\vcpkg\installed\x64-windows\include\google\protobuf\descriptor.h(2478,39): warning C4251: 'google::protobuf::DescriptorPool::feature_set_defaults_spec_': 'std::unique_ptr<google::protobuf::FeatureSetDefaults,std::default_delete<google::protobuf::FeatureSetDefaults>>' needs to have dll-interface to be used by clients of 'google::protobuf::DescriptorPool'
C:\Users\makow\vcpkg\installed\x64-windows\include\google\protobuf\io\zero_copy_stream_impl_lite.h(234,30): warning C4251: 'google::protobuf::io::CopyingInputStreamAdaptor::buffer_': 'std::unique_ptr<uint8_t [],std::default_delete<uint8_t []>>' needs to have dll-interface to be used by clients of 'google::protobuf::io::CopyingInputStreamAdaptor'
C:\Users\makow\vcpkg\installed\x64-windows\include\google\protobuf\io\zero_copy_stream_impl_lite.h(328,30): warning C4251: 'google::protobuf::io::CopyingOutputStreamAdaptor::buffer_': 'std::unique_ptr<uint8_t [],std::default_delete<uint8_t []>>' needs to have dll-interface to be used by clients of 'google::protobuf::io::CopyingOutputStreamAdaptor'
C:\Users\makow\vcpkg\installed\x64-windows\include\google\protobuf\io\zero_copy_stream_impl_lite.h(402,28): warning C4251: 'google::protobuf::io::CordInputStream::it_': 'absl::lts_20240116::Cord::CharIterator' needs to have dll-interface to be used by clients of 'google::protobuf::io::CordInputStream'
C:\Users\makow\vcpkg\installed\x64-windows\include\google\protobuf\io\zero_copy_stream_impl_lite.h(486,14): warning C4251: 'google::protobuf::io::CordOutputStream::cord_': 'absl::lts_20240116::Cord' needs to have dll-interface to be used by clients of 'google::protobuf::io::CordOutputStream'
C:\Users\makow\vcpkg\installed\x64-windows\include\google\protobuf\io\zero_copy_stream_impl_lite.h(489,20): warning C4251: 'google::protobuf::io::CordOutputStream::buffer_': 'absl::lts_20240116::CordBuffer' needs to have dll-interface to be used by clients of 'google::protobuf::io::CordOutputStream'
C:\Users\makow\vcpkg\installed\x64-windows\include\google\protobuf\unknown_field_set.h(190,29): warning C4251: 'google::protobuf::UnknownFieldSet::fields_': 'std::vector<google::protobuf::UnknownField,std::allocator<google::protobuf::UnknownField>>' needs to have dll-interface to be used by clients of 'google::protobuf::UnknownFieldSet'
C:\Users\makow\vcpkg\installed\x64-windows\include\google\protobuf\map.h(773,13): warning C4251: 'google::protobuf::internal::UntypedMapBase::alloc_': 'google::protobuf::internal::MapAllocator<void *>' needs to have dll-interface to be used by clients of 'google::protobuf::internal::UntypedMapBase'
C:\Users\makow\vcpkg\installed\x64-windows\include\google\protobuf\map.h(689,19): warning C4244: 'initializing': conversion from 'uintptr_t' to 'google::protobuf::internal::map_index_t', possible loss of data
C:\Users\makow\vcpkg\installed\x64-windows\include\google\protobuf\message.h(1027,27): warning C4251: 'google::protobuf::Reflection::tcparse_table_once_': 'absl::lts_20240116::once_flag' needs to have dll-interface to be used by clients of 'google::protobuf::Reflection'
C:\Users\makow\Desktop\Prod_Spestera\SpesteraEngine_Server\SpesteraEngine_GameServer\ServerHeartbeat.h(13,45): error C2065: 'Player_Character': undeclared identifier
C:\Users\makow\Desktop\Prod_Spestera\SpesteraEngine_Server\SpesteraEngine_GameServer\ServerHeartbeat.h(13,34): error C2923: 'std::shared_ptr': 'Player_Character' is not a valid template type argument for parameter '_Ty'
C:\Users\makow\Desktop\Prod_Spestera\SpesteraEngine_Server\SpesteraEngine_GameServer\ServerHeartbeat.h(14,47): error C2065: 'Player_Character': undeclared identifier
C:\Users\makow\Desktop\Prod_Spestera\SpesteraEngine_Server\SpesteraEngine_GameServer\ServerHeartbeat.h(14,36): error C2923: 'std::shared_ptr': 'Player_Character' is not a valid template type argument for parameter '_Ty'
C:\Users\makow\Desktop\Prod_Spestera\SpesteraEngine_Server\SpesteraEngine_GameServer\ServerHeartbeat.h(18,62): error C2065: 'Player_Character': undeclared identifier
C:\Users\makow\Desktop\Prod_Spestera\SpesteraEngine_Server\SpesteraEngine_GameServer\ServerHeartbeat.h(18,51): error C2923: 'std::shared_ptr': 'Player_Character' is not a valid template type argument for parameter '_Ty'
C:\Users\makow\Desktop\Prod_Spestera\SpesteraEngine_Server\SpesteraEngine_GameServer\ServerHeartbeat.cpp(4,10): error C1083: Cannot open include file: 'Player_Character.h': No such file or directory
  UdpServer.cpp
  Please define _WIN32_WINNT or _WIN32_WINDOWS appropriately. For example:
  - add -D_WIN32_WINNT=0x0601 to the compiler command line; or
  - add _WIN32_WINNT=0x0601 to your project's Preprocessor Definitions.
  Assuming _WIN32_WINNT=0x0601 (i.e. Windows 7 target).
C:\Users\makow\vcpkg\installed\x64-windows\include\google\protobuf\io\coded_stream.h(1262,28): warning C4251: 'google::protobuf::io::CodedOutputStream::default_serialization_deterministic_': 'std::atomic<bool>' needs to have dll-interface to be used by clients of 'google::protobuf::io::CodedOutputStream'
C:\Users\makow\vcpkg\installed\x64-windows\include\google\protobuf\serial_arena.h(371,22): warning C4251: 'google::protobuf::internal::SerialArena::ptr_': 'std::atomic<char *>' needs to have dll-interface to be used by clients of 'google::protobuf::internal::SerialArena'
C:\Users\makow\vcpkg\installed\x64-windows\include\google\protobuf\serial_arena.h(381,29): warning C4251: 'google::protobuf::internal::SerialArena::string_block_': 'std::atomic<google::protobuf::internal::StringBlock *>' needs to have dll-interface to be used by clients of 'google::protobuf::internal::SerialArena'
C:\Users\makow\vcpkg\installed\x64-windows\include\google\protobuf\serial_arena.h(386,23): warning C4251: 'google::protobuf::internal::SerialArena::string_block_unused_': 'std::atomic<unsigned __int64>' needs to have dll-interface to be used by clients of 'google::protobuf::internal::SerialArena'
C:\Users\makow\vcpkg\installed\x64-windows\include\google\protobuf\serial_arena.h(388,28): warning C4251: 'google::protobuf::internal::SerialArena::head_': 'std::atomic<google::protobuf::internal::ArenaBlock *>' needs to have dll-interface to be used by clients of 'google::protobuf::internal::SerialArena'
C:\Users\makow\vcpkg\installed\x64-windows\include\google\protobuf\serial_arena.h(389,23): warning C4251: 'google::protobuf::internal::SerialArena::space_used_': 'std::atomic<unsigned __int64>' needs to have dll-interface to be used by clients of 'google::protobuf::internal::SerialArena'
C:\Users\makow\vcpkg\installed\x64-windows\include\google\protobuf\serial_arena.h(390,23): warning C4251: 'google::protobuf::internal::SerialArena::space_allocated_': 'std::atomic<unsigned __int64>' needs to have dll-interface to be used by clients of 'google::protobuf::internal::SerialArena'
C:\Users\makow\vcpkg\installed\x64-windows\include\google\protobuf\thread_safe_arena.h(138,29): warning C4251: 'google::protobuf::internal::ThreadSafeArena::alloc_policy_': 'google::protobuf::internal::TaggedAllocationPolicyPtr' needs to have dll-interface to be used by clients of 'google::protobuf::internal::ThreadSafeArena'
C:\Users\makow\vcpkg\installed\x64-windows\include\google\protobuf\thread_safe_arena.h(139,30): warning C4251: 'google::protobuf::internal::ThreadSafeArena::arena_stats_': 'google::protobuf::internal::ThreadSafeArenaStatsHandle' needs to have dll-interface to be used by clients of 'google::protobuf::internal::ThreadSafeArena'
C:\Users\makow\vcpkg\installed\x64-windows\include\google\protobuf\thread_safe_arena.h(142,15): warning C4251: 'google::protobuf::internal::ThreadSafeArena::mutex_': 'absl::lts_20240116::Mutex' needs to have dll-interface to be used by clients of 'google::protobuf::internal::ThreadSafeArena'
C:\Users\makow\vcpkg\installed\x64-windows\include\google\protobuf\thread_safe_arena.h(144,34): warning C4251: 'google::protobuf::internal::ThreadSafeArena::head_': 'std::atomic<google::protobuf::internal::ThreadSafeArena::SerialArenaChunk *>' needs to have dll-interface to be used by clients of 'google::protobuf::internal::ThreadSafeArena'
C:\Users\makow\vcpkg\installed\x64-windows\include\google\protobuf\thread_safe_arena.h(241,39): warning C4251: 'google::protobuf::internal::ThreadSafeArena::lifecycle_id_': 'std::atomic<unsigned __int64>' needs to have dll-interface to be used by clients of 'google::protobuf::internal::ThreadSafeArena'
C:\Users\makow\vcpkg\installed\x64-windows\include\google\protobuf\arenastring.h(60,43): warning C4251: 'google::protobuf::internal::LazyString::inited_': 'std::atomic<const std::string *>' needs to have dll-interface to be used by clients of 'google::protobuf::internal::LazyString'
C:\Users\makow\vcpkg\installed\x64-windows\include\google\protobuf\metadata_lite.h(248,15): warning C4251: 'google::protobuf::internal::LiteUnknownFieldSetter::buffer_': 'std::basic_string<char,std::char_traits<char>,std::allocator<char>>' needs to have dll-interface to be used by clients of 'google::protobuf::internal::LiteUnknownFieldSetter'
C:\Users\makow\vcpkg\installed\x64-windows\include\google\protobuf\message_lite.h(117,23): warning C4251: 'google::protobuf::internal::CachedSize::atom_': 'std::atomic<int>' needs to have dll-interface to be used by clients of 'google::protobuf::internal::CachedSize'
C:\Users\makow\vcpkg\installed\x64-windows\include\google\protobuf\extension_set.h(1059,26): warning C4251: 'google::protobuf::internal::RepeatedPrimitiveDefaults::default_repeated_field_int32_t_': 'google::protobuf::RepeatedField<int>' needs to have dll-interface to be used by clients of 'google::protobuf::internal::RepeatedPrimitiveDefaults'
C:\Users\makow\vcpkg\installed\x64-windows\include\google\protobuf\extension_set.h(1060,26): warning C4251: 'google::protobuf::internal::RepeatedPrimitiveDefaults::default_repeated_field_int64_t_': 'google::protobuf::RepeatedField<int64_t>' needs to have dll-interface to be used by clients of 'google::protobuf::internal::RepeatedPrimitiveDefaults'
C:\Users\makow\vcpkg\installed\x64-windows\include\google\protobuf\extension_set.h(1061,27): warning C4251: 'google::protobuf::internal::RepeatedPrimitiveDefaults::default_repeated_field_uint32_t_': 'google::protobuf::RepeatedField<uint32_t>' needs to have dll-interface to be used by clients of 'google::protobuf::internal::RepeatedPrimitiveDefaults'
C:\Users\makow\vcpkg\installed\x64-windows\include\google\protobuf\extension_set.h(1062,27): warning C4251: 'google::protobuf::internal::RepeatedPrimitiveDefaults::default_repeated_field_uint64_t_': 'google::protobuf::RepeatedField<uint64_t>' needs to have dll-interface to be used by clients of 'google::protobuf::internal::RepeatedPrimitiveDefaults'
C:\Users\makow\vcpkg\installed\x64-windows\include\google\protobuf\extension_set.h(1063,25): warning C4251: 'google::protobuf::internal::RepeatedPrimitiveDefaults::default_repeated_field_double_': 'google::protobuf::RepeatedField<double>' needs to have dll-interface to be used by clients of 'google::protobuf::internal::RepeatedPrimitiveDefaults'
C:\Users\makow\vcpkg\installed\x64-windows\include\google\protobuf\extension_set.h(1064,24): warning C4251: 'google::protobuf::internal::RepeatedPrimitiveDefaults::default_repeated_field_float_': 'google::protobuf::RepeatedField<float>' needs to have dll-interface to be used by clients of 'google::protobuf::internal::RepeatedPrimitiveDefaults'
C:\Users\makow\vcpkg\installed\x64-windows\include\google\protobuf\extension_set.h(1065,23): warning C4251: 'google::protobuf::internal::RepeatedPrimitiveDefaults::default_repeated_field_bool_': 'google::protobuf::RepeatedField<bool>' needs to have dll-interface to be used by clients of 'google::protobuf::internal::RepeatedPrimitiveDefaults'
C:\Users\makow\vcpkg\installed\x64-windows\include\google\protobuf\descriptor.h(2461,27): warning C4251: 'google::protobuf::DescriptorPool::tables_': 'std::unique_ptr<google::protobuf::DescriptorPool::Tables,std::default_delete<google::protobuf::DescriptorPool::Tables>>' needs to have dll-interface to be used by clients of 'google::protobuf::DescriptorPool'
C:\Users\makow\vcpkg\installed\x64-windows\include\google\protobuf\descriptor.h(2474,42): warning C4251: 'google::protobuf::DescriptorPool::unused_import_track_files_': 'absl::lts_20240116::flat_hash_map<std::string,bool,absl::lts_20240116::container_internal::StringHash,absl::lts_20240116::container_internal::StringEq,std::allocator<std::pair<const K,V>>>' needs to have dll-interface to be used by clients of 'google::protobuf::DescriptorPool'
C:\Users\makow\vcpkg\installed\x64-windows\include\google\protobuf\descriptor.h(2474,42): warning C4251:         with
C:\Users\makow\vcpkg\installed\x64-windows\include\google\protobuf\descriptor.h(2474,42): warning C4251:         [
C:\Users\makow\vcpkg\installed\x64-windows\include\google\protobuf\descriptor.h(2474,42): warning C4251:             K=std::string,
C:\Users\makow\vcpkg\installed\x64-windows\include\google\protobuf\descriptor.h(2474,42): warning C4251:             V=bool
C:\Users\makow\vcpkg\installed\x64-windows\include\google\protobuf\descriptor.h(2474,42): warning C4251:         ]
C:\Users\makow\vcpkg\installed\x64-windows\include\google\protobuf\descriptor.h(2478,39): warning C4251: 'google::protobuf::DescriptorPool::feature_set_defaults_spec_': 'std::unique_ptr<google::protobuf::FeatureSetDefaults,std::default_delete<google::protobuf::FeatureSetDefaults>>' needs to have dll-interface to be used by clients of 'google::protobuf::DescriptorPool'
C:\Users\makow\vcpkg\installed\x64-windows\include\google\protobuf\io\zero_copy_stream_impl_lite.h(234,30): warning C4251: 'google::protobuf::io::CopyingInputStreamAdaptor::buffer_': 'std::unique_ptr<uint8_t [],std::default_delete<uint8_t []>>' needs to have dll-interface to be used by clients of 'google::protobuf::io::CopyingInputStreamAdaptor'
C:\Users\makow\vcpkg\installed\x64-windows\include\google\protobuf\io\zero_copy_stream_impl_lite.h(328,30): warning C4251: 'google::protobuf::io::CopyingOutputStreamAdaptor::buffer_': 'std::unique_ptr<uint8_t [],std::default_delete<uint8_t []>>' needs to have dll-interface to be used by clients of 'google::protobuf::io::CopyingOutputStreamAdaptor'
C:\Users\makow\vcpkg\installed\x64-windows\include\google\protobuf\io\zero_copy_stream_impl_lite.h(402,28): warning C4251: 'google::protobuf::io::CordInputStream::it_': 'absl::lts_20240116::Cord::CharIterator' needs to have dll-interface to be used by clients of 'google::protobuf::io::CordInputStream'
C:\Users\makow\vcpkg\installed\x64-windows\include\google\protobuf\io\zero_copy_stream_impl_lite.h(486,14): warning C4251: 'google::protobuf::io::CordOutputStream::cord_': 'absl::lts_20240116::Cord' needs to have dll-interface to be used by clients of 'google::protobuf::io::CordOutputStream'
C:\Users\makow\vcpkg\installed\x64-windows\include\google\protobuf\io\zero_copy_stream_impl_lite.h(489,20): warning C4251: 'google::protobuf::io::CordOutputStream::buffer_': 'absl::lts_20240116::CordBuffer' needs to have dll-interface to be used by clients of 'google::protobuf::io::CordOutputStream'
C:\Users\makow\vcpkg\installed\x64-windows\include\google\protobuf\unknown_field_set.h(190,29): warning C4251: 'google::protobuf::UnknownFieldSet::fields_': 'std::vector<google::protobuf::UnknownField,std::allocator<google::protobuf::UnknownField>>' needs to have dll-interface to be used by clients of 'google::protobuf::UnknownFieldSet'
C:\Users\makow\vcpkg\installed\x64-windows\include\google\protobuf\map.h(773,13): warning C4251: 'google::protobuf::internal::UntypedMapBase::alloc_': 'google::protobuf::internal::MapAllocator<void *>' needs to have dll-interface to be used by clients of 'google::protobuf::internal::UntypedMapBase'
C:\Users\makow\vcpkg\installed\x64-windows\include\google\protobuf\map.h(689,19): warning C4244: 'initializing': conversion from 'uintptr_t' to 'google::protobuf::internal::map_index_t', possible loss of data
C:\Users\makow\vcpkg\installed\x64-windows\include\google\protobuf\message.h(1027,27): warning C4251: 'google::protobuf::Reflection::tcparse_table_once_': 'absl::lts_20240116::once_flag' needs to have dll-interface to be used by clients of 'google::protobuf::Reflection'
C:\Users\makow\Desktop\Prod_Spestera\SpesteraEngine_Server\SpesteraEngine_GameServer\ServerHeartbeat.h(13,45): error C2065: 'Player_Character': undeclared identifier
C:\Users\makow\Desktop\Prod_Spestera\SpesteraEngine_Server\SpesteraEngine_GameServer\ServerHeartbeat.h(13,34): error C2923: 'std::shared_ptr': 'Player_Character' is not a valid template type argument for parameter '_Ty'
C:\Users\makow\Desktop\Prod_Spestera\SpesteraEngine_Server\SpesteraEngine_GameServer\ServerHeartbeat.h(14,47): error C2065: 'Player_Character': undeclared identifier
C:\Users\makow\Desktop\Prod_Spestera\SpesteraEngine_Server\SpesteraEngine_GameServer\ServerHeartbeat.h(14,36): error C2923: 'std::shared_ptr': 'Player_Character' is not a valid template type argument for parameter '_Ty'
C:\Users\makow\Desktop\Prod_Spestera\SpesteraEngine_Server\SpesteraEngine_GameServer\ServerHeartbeat.h(18,62): error C2065: 'Player_Character': undeclared identifier
C:\Users\makow\Desktop\Prod_Spestera\SpesteraEngine_Server\SpesteraEngine_GameServer\ServerHeartbeat.h(18,51): error C2923: 'std::shared_ptr': 'Player_Character' is not a valid template type argument for parameter '_Ty'
C:\Users\makow\Desktop\Prod_Spestera\SpesteraEngine_Server\SpesteraEngine_GameServer\Session.h(44,21): error C2065: 'Player_Character': undeclared identifier
C:\Users\makow\Desktop\Prod_Spestera\SpesteraEngine_Server\SpesteraEngine_GameServer\Session.h(44,10): error C2923: 'std::shared_ptr': 'Player_Character' is not a valid template type argument for parameter '_Ty'
C:\Users\makow\Desktop\Prod_Spestera\SpesteraEngine_Server\SpesteraEngine_GameServer\UdpServer.cpp(27,50): warning C4244: 'argument': conversion from 'unsigned __int64' to 'int', possible loss of data
C:\Users\makow\Desktop\Prod_Spestera\SpesteraEngine_Server\SpesteraEngine_GameServer\UdpServer.cpp(31,28): error C2039: 'test': is not a member of 'MessageInterpreter'
  Init_ZoneServer.cpp
  Please define _WIN32_WINNT or _WIN32_WINDOWS appropriately. For example:
  - add -D_WIN32_WINNT=0x0601 to the compiler command line; or
  - add _WIN32_WINNT=0x0601 to your project's Preprocessor Definitions.
  Assuming _WIN32_WINNT=0x0601 (i.e. Windows 7 target).
C:\Users\makow\vcpkg\installed\x64-windows\include\google\protobuf\io\coded_stream.h(1262,28): warning C4251: 'google::protobuf::io::CodedOutputStream::default_serialization_deterministic_': 'std::atomic<bool>' needs to have dll-interface to be used by clients of 'google::protobuf::io::CodedOutputStream'
C:\Users\makow\vcpkg\installed\x64-windows\include\google\protobuf\serial_arena.h(371,22): warning C4251: 'google::protobuf::internal::SerialArena::ptr_': 'std::atomic<char *>' needs to have dll-interface to be used by clients of 'google::protobuf::internal::SerialArena'
C:\Users\makow\vcpkg\installed\x64-windows\include\google\protobuf\serial_arena.h(381,29): warning C4251: 'google::protobuf::internal::SerialArena::string_block_': 'std::atomic<google::protobuf::internal::StringBlock *>' needs to have dll-interface to be used by clients of 'google::protobuf::internal::SerialArena'
C:\Users\makow\vcpkg\installed\x64-windows\include\google\protobuf\serial_arena.h(386,23): warning C4251: 'google::protobuf::internal::SerialArena::string_block_unused_': 'std::atomic<unsigned __int64>' needs to have dll-interface to be used by clients of 'google::protobuf::internal::SerialArena'
C:\Users\makow\vcpkg\installed\x64-windows\include\google\protobuf\serial_arena.h(388,28): warning C4251: 'google::protobuf::internal::SerialArena::head_': 'std::atomic<google::protobuf::internal::ArenaBlock *>' needs to have dll-interface to be used by clients of 'google::protobuf::internal::SerialArena'
C:\Users\makow\vcpkg\installed\x64-windows\include\google\protobuf\serial_arena.h(389,23): warning C4251: 'google::protobuf::internal::SerialArena::space_used_': 'std::atomic<unsigned __int64>' needs to have dll-interface to be used by clients of 'google::protobuf::internal::SerialArena'
C:\Users\makow\vcpkg\installed\x64-windows\include\google\protobuf\serial_arena.h(390,23): warning C4251: 'google::protobuf::internal::SerialArena::space_allocated_': 'std::atomic<unsigned __int64>' needs to have dll-interface to be used by clients of 'google::protobuf::internal::SerialArena'
C:\Users\makow\vcpkg\installed\x64-windows\include\google\protobuf\thread_safe_arena.h(138,29): warning C4251: 'google::protobuf::internal::ThreadSafeArena::alloc_policy_': 'google::protobuf::internal::TaggedAllocationPolicyPtr' needs to have dll-interface to be used by clients of 'google::protobuf::internal::ThreadSafeArena'
C:\Users\makow\vcpkg\installed\x64-windows\include\google\protobuf\thread_safe_arena.h(139,30): warning C4251: 'google::protobuf::internal::ThreadSafeArena::arena_stats_': 'google::protobuf::internal::ThreadSafeArenaStatsHandle' needs to have dll-interface to be used by clients of 'google::protobuf::internal::ThreadSafeArena'
C:\Users\makow\vcpkg\installed\x64-windows\include\google\protobuf\thread_safe_arena.h(142,15): warning C4251: 'google::protobuf::internal::ThreadSafeArena::mutex_': 'absl::lts_20240116::Mutex' needs to have dll-interface to be used by clients of 'google::protobuf::internal::ThreadSafeArena'
C:\Users\makow\vcpkg\installed\x64-windows\include\google\protobuf\thread_safe_arena.h(144,34): warning C4251: 'google::protobuf::internal::ThreadSafeArena::head_': 'std::atomic<google::protobuf::internal::ThreadSafeArena::SerialArenaChunk *>' needs to have dll-interface to be used by clients of 'google::protobuf::internal::ThreadSafeArena'
C:\Users\makow\vcpkg\installed\x64-windows\include\google\protobuf\thread_safe_arena.h(241,39): warning C4251: 'google::protobuf::internal::ThreadSafeArena::lifecycle_id_': 'std::atomic<unsigned __int64>' needs to have dll-interface to be used by clients of 'google::protobuf::internal::ThreadSafeArena'
C:\Users\makow\vcpkg\installed\x64-windows\include\google\protobuf\arenastring.h(60,43): warning C4251: 'google::protobuf::internal::LazyString::inited_': 'std::atomic<const std::string *>' needs to have dll-interface to be used by clients of 'google::protobuf::internal::LazyString'
C:\Users\makow\vcpkg\installed\x64-windows\include\google\protobuf\metadata_lite.h(248,15): warning C4251: 'google::protobuf::internal::LiteUnknownFieldSetter::buffer_': 'std::basic_string<char,std::char_traits<char>,std::allocator<char>>' needs to have dll-interface to be used by clients of 'google::protobuf::internal::LiteUnknownFieldSetter'
C:\Users\makow\vcpkg\installed\x64-windows\include\google\protobuf\message_lite.h(117,23): warning C4251: 'google::protobuf::internal::CachedSize::atom_': 'std::atomic<int>' needs to have dll-interface to be used by clients of 'google::protobuf::internal::CachedSize'
C:\Users\makow\vcpkg\installed\x64-windows\include\google\protobuf\extension_set.h(1059,26): warning C4251: 'google::protobuf::internal::RepeatedPrimitiveDefaults::default_repeated_field_int32_t_': 'google::protobuf::RepeatedField<int>' needs to have dll-interface to be used by clients of 'google::protobuf::internal::RepeatedPrimitiveDefaults'
C:\Users\makow\vcpkg\installed\x64-windows\include\google\protobuf\extension_set.h(1060,26): warning C4251: 'google::protobuf::internal::RepeatedPrimitiveDefaults::default_repeated_field_int64_t_': 'google::protobuf::RepeatedField<int64_t>' needs to have dll-interface to be used by clients of 'google::protobuf::internal::RepeatedPrimitiveDefaults'
C:\Users\makow\vcpkg\installed\x64-windows\include\google\protobuf\extension_set.h(1061,27): warning C4251: 'google::protobuf::internal::RepeatedPrimitiveDefaults::default_repeated_field_uint32_t_': 'google::protobuf::RepeatedField<uint32_t>' needs to have dll-interface to be used by clients of 'google::protobuf::internal::RepeatedPrimitiveDefaults'
C:\Users\makow\vcpkg\installed\x64-windows\include\google\protobuf\extension_set.h(1062,27): warning C4251: 'google::protobuf::internal::RepeatedPrimitiveDefaults::default_repeated_field_uint64_t_': 'google::protobuf::RepeatedField<uint64_t>' needs to have dll-interface to be used by clients of 'google::protobuf::internal::RepeatedPrimitiveDefaults'
C:\Users\makow\vcpkg\installed\x64-windows\include\google\protobuf\extension_set.h(1063,25): warning C4251: 'google::protobuf::internal::RepeatedPrimitiveDefaults::default_repeated_field_double_': 'google::protobuf::RepeatedField<double>' needs to have dll-interface to be used by clients of 'google::protobuf::internal::RepeatedPrimitiveDefaults'
C:\Users\makow\vcpkg\installed\x64-windows\include\google\protobuf\extension_set.h(1064,24): warning C4251: 'google::protobuf::internal::RepeatedPrimitiveDefaults::default_repeated_field_float_': 'google::protobuf::RepeatedField<float>' needs to have dll-interface to be used by clients of 'google::protobuf::internal::RepeatedPrimitiveDefaults'
C:\Users\makow\vcpkg\installed\x64-windows\include\google\protobuf\extension_set.h(1065,23): warning C4251: 'google::protobuf::internal::RepeatedPrimitiveDefaults::default_repeated_field_bool_': 'google::protobuf::RepeatedField<bool>' needs to have dll-interface to be used by clients of 'google::protobuf::internal::RepeatedPrimitiveDefaults'
C:\Users\makow\vcpkg\installed\x64-windows\include\google\protobuf\descriptor.h(2461,27): warning C4251: 'google::protobuf::DescriptorPool::tables_': 'std::unique_ptr<google::protobuf::DescriptorPool::Tables,std::default_delete<google::protobuf::DescriptorPool::Tables>>' needs to have dll-interface to be used by clients of 'google::protobuf::DescriptorPool'
C:\Users\makow\vcpkg\installed\x64-windows\include\google\protobuf\descriptor.h(2474,42): warning C4251: 'google::protobuf::DescriptorPool::unused_import_track_files_': 'absl::lts_20240116::flat_hash_map<std::string,bool,absl::lts_20240116::container_internal::StringHash,absl::lts_20240116::container_internal::StringEq,std::allocator<std::pair<const K,V>>>' needs to have dll-interface to be used by clients of 'google::protobuf::DescriptorPool'
C:\Users\makow\vcpkg\installed\x64-windows\include\google\protobuf\descriptor.h(2474,42): warning C4251:         with
C:\Users\makow\vcpkg\installed\x64-windows\include\google\protobuf\descriptor.h(2474,42): warning C4251:         [
C:\Users\makow\vcpkg\installed\x64-windows\include\google\protobuf\descriptor.h(2474,42): warning C4251:             K=std::string,
C:\Users\makow\vcpkg\installed\x64-windows\include\google\protobuf\descriptor.h(2474,42): warning C4251:             V=bool
C:\Users\makow\vcpkg\installed\x64-windows\include\google\protobuf\descriptor.h(2474,42): warning C4251:         ]
C:\Users\makow\vcpkg\installed\x64-windows\include\google\protobuf\descriptor.h(2478,39): warning C4251: 'google::protobuf::DescriptorPool::feature_set_defaults_spec_': 'std::unique_ptr<google::protobuf::FeatureSetDefaults,std::default_delete<google::protobuf::FeatureSetDefaults>>' needs to have dll-interface to be used by clients of 'google::protobuf::DescriptorPool'
C:\Users\makow\vcpkg\installed\x64-windows\include\google\protobuf\io\zero_copy_stream_impl_lite.h(234,30): warning C4251: 'google::protobuf::io::CopyingInputStreamAdaptor::buffer_': 'std::unique_ptr<uint8_t [],std::default_delete<uint8_t []>>' needs to have dll-interface to be used by clients of 'google::protobuf::io::CopyingInputStreamAdaptor'
C:\Users\makow\vcpkg\installed\x64-windows\include\google\protobuf\io\zero_copy_stream_impl_lite.h(328,30): warning C4251: 'google::protobuf::io::CopyingOutputStreamAdaptor::buffer_': 'std::unique_ptr<uint8_t [],std::default_delete<uint8_t []>>' needs to have dll-interface to be used by clients of 'google::protobuf::io::CopyingOutputStreamAdaptor'
C:\Users\makow\vcpkg\installed\x64-windows\include\google\protobuf\io\zero_copy_stream_impl_lite.h(402,28): warning C4251: 'google::protobuf::io::CordInputStream::it_': 'absl::lts_20240116::Cord::CharIterator' needs to have dll-interface to be used by clients of 'google::protobuf::io::CordInputStream'
C:\Users\makow\vcpkg\installed\x64-windows\include\google\protobuf\io\zero_copy_stream_impl_lite.h(486,14): warning C4251: 'google::protobuf::io::CordOutputStream::cord_': 'absl::lts_20240116::Cord' needs to have dll-interface to be used by clients of 'google::protobuf::io::CordOutputStream'
C:\Users\makow\vcpkg\installed\x64-windows\include\google\protobuf\io\zero_copy_stream_impl_lite.h(489,20): warning C4251: 'google::protobuf::io::CordOutputStream::buffer_': 'absl::lts_20240116::CordBuffer' needs to have dll-interface to be used by clients of 'google::protobuf::io::CordOutputStream'
C:\Users\makow\vcpkg\installed\x64-windows\include\google\protobuf\unknown_field_set.h(190,29): warning C4251: 'google::protobuf::UnknownFieldSet::fields_': 'std::vector<google::protobuf::UnknownField,std::allocator<google::protobuf::UnknownField>>' needs to have dll-interface to be used by clients of 'google::protobuf::UnknownFieldSet'
C:\Users\makow\vcpkg\installed\x64-windows\include\google\protobuf\map.h(773,13): warning C4251: 'google::protobuf::internal::UntypedMapBase::alloc_': 'google::protobuf::internal::MapAllocator<void *>' needs to have dll-interface to be used by clients of 'google::protobuf::internal::UntypedMapBase'
C:\Users\makow\vcpkg\installed\x64-windows\include\google\protobuf\map.h(689,19): warning C4244: 'initializing': conversion from 'uintptr_t' to 'google::protobuf::internal::map_index_t', possible loss of data
C:\Users\makow\vcpkg\installed\x64-windows\include\google\protobuf\message.h(1027,27): warning C4251: 'google::protobuf::Reflection::tcparse_table_once_': 'absl::lts_20240116::once_flag' needs to have dll-interface to be used by clients of 'google::protobuf::Reflection'
C:\Program Files\Microsoft Visual Studio\2022\Community\VC\Tools\MSVC\14.40.33807\include\memory(3595,35): error C2661: 'UdpServer::UdpServer': no overloaded function takes 5 arguments
  MessageInterpreter.cpp
  Please define _WIN32_WINNT or _WIN32_WINDOWS appropriately. For example:
  - add -D_WIN32_WINNT=0x0601 to the compiler command line; or
  - add _WIN32_WINNT=0x0601 to your project's Preprocessor Definitions.
  Assuming _WIN32_WINNT=0x0601 (i.e. Windows 7 target).
C:\Users\makow\vcpkg\installed\x64-windows\include\google\protobuf\io\coded_stream.h(1262,28): warning C4251: 'google::protobuf::io::CodedOutputStream::default_serialization_deterministic_': 'std::atomic<bool>' needs to have dll-interface to be used by clients of 'google::protobuf::io::CodedOutputStream'
C:\Users\makow\vcpkg\installed\x64-windows\include\google\protobuf\serial_arena.h(371,22): warning C4251: 'google::protobuf::internal::SerialArena::ptr_': 'std::atomic<char *>' needs to have dll-interface to be used by clients of 'google::protobuf::internal::SerialArena'
C:\Users\makow\vcpkg\installed\x64-windows\include\google\protobuf\serial_arena.h(381,29): warning C4251: 'google::protobuf::internal::SerialArena::string_block_': 'std::atomic<google::protobuf::internal::StringBlock *>' needs to have dll-interface to be used by clients of 'google::protobuf::internal::SerialArena'
C:\Users\makow\vcpkg\installed\x64-windows\include\google\protobuf\serial_arena.h(386,23): warning C4251: 'google::protobuf::internal::SerialArena::string_block_unused_': 'std::atomic<unsigned __int64>' needs to have dll-interface to be used by clients of 'google::protobuf::internal::SerialArena'
C:\Users\makow\vcpkg\installed\x64-windows\include\google\protobuf\serial_arena.h(388,28): warning C4251: 'google::protobuf::internal::SerialArena::head_': 'std::atomic<google::protobuf::internal::ArenaBlock *>' needs to have dll-interface to be used by clients of 'google::protobuf::internal::SerialArena'
C:\Users\makow\vcpkg\installed\x64-windows\include\google\protobuf\serial_arena.h(389,23): warning C4251: 'google::protobuf::internal::SerialArena::space_used_': 'std::atomic<unsigned __int64>' needs to have dll-interface to be used by clients of 'google::protobuf::internal::SerialArena'
C:\Users\makow\vcpkg\installed\x64-windows\include\google\protobuf\serial_arena.h(390,23): warning C4251: 'google::protobuf::internal::SerialArena::space_allocated_': 'std::atomic<unsigned __int64>' needs to have dll-interface to be used by clients of 'google::protobuf::internal::SerialArena'
C:\Users\makow\vcpkg\installed\x64-windows\include\google\protobuf\thread_safe_arena.h(138,29): warning C4251: 'google::protobuf::internal::ThreadSafeArena::alloc_policy_': 'google::protobuf::internal::TaggedAllocationPolicyPtr' needs to have dll-interface to be used by clients of 'google::protobuf::internal::ThreadSafeArena'
C:\Users\makow\vcpkg\installed\x64-windows\include\google\protobuf\thread_safe_arena.h(139,30): warning C4251: 'google::protobuf::internal::ThreadSafeArena::arena_stats_': 'google::protobuf::internal::ThreadSafeArenaStatsHandle' needs to have dll-interface to be used by clients of 'google::protobuf::internal::ThreadSafeArena'
C:\Users\makow\vcpkg\installed\x64-windows\include\google\protobuf\thread_safe_arena.h(142,15): warning C4251: 'google::protobuf::internal::ThreadSafeArena::mutex_': 'absl::lts_20240116::Mutex' needs to have dll-interface to be used by clients of 'google::protobuf::internal::ThreadSafeArena'
C:\Users\makow\vcpkg\installed\x64-windows\include\google\protobuf\thread_safe_arena.h(144,34): warning C4251: 'google::protobuf::internal::ThreadSafeArena::head_': 'std::atomic<google::protobuf::internal::ThreadSafeArena::SerialArenaChunk *>' needs to have dll-interface to be used by clients of 'google::protobuf::internal::ThreadSafeArena'
C:\Users\makow\vcpkg\installed\x64-windows\include\google\protobuf\thread_safe_arena.h(241,39): warning C4251: 'google::protobuf::internal::ThreadSafeArena::lifecycle_id_': 'std::atomic<unsigned __int64>' needs to have dll-interface to be used by clients of 'google::protobuf::internal::ThreadSafeArena'
C:\Users\makow\vcpkg\installed\x64-windows\include\google\protobuf\arenastring.h(60,43): warning C4251: 'google::protobuf::internal::LazyString::inited_': 'std::atomic<const std::string *>' needs to have dll-interface to be used by clients of 'google::protobuf::internal::LazyString'
C:\Users\makow\vcpkg\installed\x64-windows\include\google\protobuf\metadata_lite.h(248,15): warning C4251: 'google::protobuf::internal::LiteUnknownFieldSetter::buffer_': 'std::basic_string<char,std::char_traits<char>,std::allocator<char>>' needs to have dll-interface to be used by clients of 'google::protobuf::internal::LiteUnknownFieldSetter'
C:\Users\makow\vcpkg\installed\x64-windows\include\google\protobuf\message_lite.h(117,23): warning C4251: 'google::protobuf::internal::CachedSize::atom_': 'std::atomic<int>' needs to have dll-interface to be used by clients of 'google::protobuf::internal::CachedSize'
C:\Users\makow\vcpkg\installed\x64-windows\include\google\protobuf\extension_set.h(1059,26): warning C4251: 'google::protobuf::internal::RepeatedPrimitiveDefaults::default_repeated_field_int32_t_': 'google::protobuf::RepeatedField<int>' needs to have dll-interface to be used by clients of 'google::protobuf::internal::RepeatedPrimitiveDefaults'
C:\Users\makow\vcpkg\installed\x64-windows\include\google\protobuf\extension_set.h(1060,26): warning C4251: 'google::protobuf::internal::RepeatedPrimitiveDefaults::default_repeated_field_int64_t_': 'google::protobuf::RepeatedField<int64_t>' needs to have dll-interface to be used by clients of 'google::protobuf::internal::RepeatedPrimitiveDefaults'
C:\Users\makow\vcpkg\installed\x64-windows\include\google\protobuf\extension_set.h(1061,27): warning C4251: 'google::protobuf::internal::RepeatedPrimitiveDefaults::default_repeated_field_uint32_t_': 'google::protobuf::RepeatedField<uint32_t>' needs to have dll-interface to be used by clients of 'google::protobuf::internal::RepeatedPrimitiveDefaults'
C:\Users\makow\vcpkg\installed\x64-windows\include\google\protobuf\extension_set.h(1062,27): warning C4251: 'google::protobuf::internal::RepeatedPrimitiveDefaults::default_repeated_field_uint64_t_': 'google::protobuf::RepeatedField<uint64_t>' needs to have dll-interface to be used by clients of 'google::protobuf::internal::RepeatedPrimitiveDefaults'
C:\Users\makow\vcpkg\installed\x64-windows\include\google\protobuf\extension_set.h(1063,25): warning C4251: 'google::protobuf::internal::RepeatedPrimitiveDefaults::default_repeated_field_double_': 'google::protobuf::RepeatedField<double>' needs to have dll-interface to be used by clients of 'google::protobuf::internal::RepeatedPrimitiveDefaults'
C:\Users\makow\vcpkg\installed\x64-windows\include\google\protobuf\extension_set.h(1064,24): warning C4251: 'google::protobuf::internal::RepeatedPrimitiveDefaults::default_repeated_field_float_': 'google::protobuf::RepeatedField<float>' needs to have dll-interface to be used by clients of 'google::protobuf::internal::RepeatedPrimitiveDefaults'
C:\Users\makow\vcpkg\installed\x64-windows\include\google\protobuf\extension_set.h(1065,23): warning C4251: 'google::protobuf::internal::RepeatedPrimitiveDefaults::default_repeated_field_bool_': 'google::protobuf::RepeatedField<bool>' needs to have dll-interface to be used by clients of 'google::protobuf::internal::RepeatedPrimitiveDefaults'
C:\Users\makow\vcpkg\installed\x64-windows\include\google\protobuf\descriptor.h(2461,27): warning C4251: 'google::protobuf::DescriptorPool::tables_': 'std::unique_ptr<google::protobuf::DescriptorPool::Tables,std::default_delete<google::protobuf::DescriptorPool::Tables>>' needs to have dll-interface to be used by clients of 'google::protobuf::DescriptorPool'
C:\Users\makow\vcpkg\installed\x64-windows\include\google\protobuf\descriptor.h(2474,42): warning C4251: 'google::protobuf::DescriptorPool::unused_import_track_files_': 'absl::lts_20240116::flat_hash_map<std::string,bool,absl::lts_20240116::container_internal::StringHash,absl::lts_20240116::container_internal::StringEq,std::allocator<std::pair<const K,V>>>' needs to have dll-interface to be used by clients of 'google::protobuf::DescriptorPool'
C:\Users\makow\vcpkg\installed\x64-windows\include\google\protobuf\descriptor.h(2474,42): warning C4251:         with
C:\Users\makow\vcpkg\installed\x64-windows\include\google\protobuf\descriptor.h(2474,42): warning C4251:         [
C:\Users\makow\vcpkg\installed\x64-windows\include\google\protobuf\descriptor.h(2474,42): warning C4251:             K=std::string,
C:\Users\makow\vcpkg\installed\x64-windows\include\google\protobuf\descriptor.h(2474,42): warning C4251:             V=bool
C:\Users\makow\vcpkg\installed\x64-windows\include\google\protobuf\descriptor.h(2474,42): warning C4251:         ]
C:\Users\makow\vcpkg\installed\x64-windows\include\google\protobuf\descriptor.h(2478,39): warning C4251: 'google::protobuf::DescriptorPool::feature_set_defaults_spec_': 'std::unique_ptr<google::protobuf::FeatureSetDefaults,std::default_delete<google::protobuf::FeatureSetDefaults>>' needs to have dll-interface to be used by clients of 'google::protobuf::DescriptorPool'
C:\Users\makow\vcpkg\installed\x64-windows\include\google\protobuf\io\zero_copy_stream_impl_lite.h(234,30): warning C4251: 'google::protobuf::io::CopyingInputStreamAdaptor::buffer_': 'std::unique_ptr<uint8_t [],std::default_delete<uint8_t []>>' needs to have dll-interface to be used by clients of 'google::protobuf::io::CopyingInputStreamAdaptor'
C:\Users\makow\vcpkg\installed\x64-windows\include\google\protobuf\io\zero_copy_stream_impl_lite.h(328,30): warning C4251: 'google::protobuf::io::CopyingOutputStreamAdaptor::buffer_': 'std::unique_ptr<uint8_t [],std::default_delete<uint8_t []>>' needs to have dll-interface to be used by clients of 'google::protobuf::io::CopyingOutputStreamAdaptor'
C:\Users\makow\vcpkg\installed\x64-windows\include\google\protobuf\io\zero_copy_stream_impl_lite.h(402,28): warning C4251: 'google::protobuf::io::CordInputStream::it_': 'absl::lts_20240116::Cord::CharIterator' needs to have dll-interface to be used by clients of 'google::protobuf::io::CordInputStream'
C:\Users\makow\vcpkg\installed\x64-windows\include\google\protobuf\io\zero_copy_stream_impl_lite.h(486,14): warning C4251: 'google::protobuf::io::CordOutputStream::cord_': 'absl::lts_20240116::Cord' needs to have dll-interface to be used by clients of 'google::protobuf::io::CordOutputStream'
C:\Users\makow\vcpkg\installed\x64-windows\include\google\protobuf\io\zero_copy_stream_impl_lite.h(489,20): warning C4251: 'google::protobuf::io::CordOutputStream::buffer_': 'absl::lts_20240116::CordBuffer' needs to have dll-interface to be used by clients of 'google::protobuf::io::CordOutputStream'
C:\Users\makow\vcpkg\installed\x64-windows\include\google\protobuf\unknown_field_set.h(190,29): warning C4251: 'google::protobuf::UnknownFieldSet::fields_': 'std::vector<google::protobuf::UnknownField,std::allocator<google::protobuf::UnknownField>>' needs to have dll-interface to be used by clients of 'google::protobuf::UnknownFieldSet'
C:\Users\makow\vcpkg\installed\x64-windows\include\google\protobuf\map.h(773,13): warning C4251: 'google::protobuf::internal::UntypedMapBase::alloc_': 'google::protobuf::internal::MapAllocator<void *>' needs to have dll-interface to be used by clients of 'google::protobuf::internal::UntypedMapBase'
C:\Users\makow\vcpkg\installed\x64-windows\include\google\protobuf\map.h(689,19): warning C4244: 'initializing': conversion from 'uintptr_t' to 'google::protobuf::internal::map_index_t', possible loss of data
C:\Users\makow\vcpkg\installed\x64-windows\include\google\protobuf\message.h(1027,27): warning C4251: 'google::protobuf::Reflection::tcparse_table_once_': 'absl::lts_20240116::once_flag' needs to have dll-interface to be used by clients of 'google::protobuf::Reflection'
  PlayerCharacter.cpp
C:\Users\makow\vcpkg\installed\x64-windows\include\google\protobuf\io\coded_stream.h(1262,28): warning C4251: 'google::protobuf::io::CodedOutputStream::default_serialization_deterministic_': 'std::atomic<bool>' needs to have dll-interface to be used by clients of 'google::protobuf::io::CodedOutputStream'
C:\Users\makow\vcpkg\installed\x64-windows\include\google\protobuf\serial_arena.h(371,22): warning C4251: 'google::protobuf::internal::SerialArena::ptr_': 'std::atomic<char *>' needs to have dll-interface to be used by clients of 'google::protobuf::internal::SerialArena'
C:\Users\makow\vcpkg\installed\x64-windows\include\google\protobuf\serial_arena.h(381,29): warning C4251: 'google::protobuf::internal::SerialArena::string_block_': 'std::atomic<google::protobuf::internal::StringBlock *>' needs to have dll-interface to be used by clients of 'google::protobuf::internal::SerialArena'
C:\Users\makow\vcpkg\installed\x64-windows\include\google\protobuf\serial_arena.h(386,23): warning C4251: 'google::protobuf::internal::SerialArena::string_block_unused_': 'std::atomic<unsigned __int64>' needs to have dll-interface to be used by clients of 'google::protobuf::internal::SerialArena'
C:\Users\makow\vcpkg\installed\x64-windows\include\google\protobuf\serial_arena.h(388,28): warning C4251: 'google::protobuf::internal::SerialArena::head_': 'std::atomic<google::protobuf::internal::ArenaBlock *>' needs to have dll-interface to be used by clients of 'google::protobuf::internal::SerialArena'
C:\Users\makow\vcpkg\installed\x64-windows\include\google\protobuf\serial_arena.h(389,23): warning C4251: 'google::protobuf::internal::SerialArena::space_used_': 'std::atomic<unsigned __int64>' needs to have dll-interface to be used by clients of 'google::protobuf::internal::SerialArena'
C:\Users\makow\vcpkg\installed\x64-windows\include\google\protobuf\serial_arena.h(390,23): warning C4251: 'google::protobuf::internal::SerialArena::space_allocated_': 'std::atomic<unsigned __int64>' needs to have dll-interface to be used by clients of 'google::protobuf::internal::SerialArena'
C:\Users\makow\vcpkg\installed\x64-windows\include\google\protobuf\thread_safe_arena.h(138,29): warning C4251: 'google::protobuf::internal::ThreadSafeArena::alloc_policy_': 'google::protobuf::internal::TaggedAllocationPolicyPtr' needs to have dll-interface to be used by clients of 'google::protobuf::internal::ThreadSafeArena'
C:\Users\makow\vcpkg\installed\x64-windows\include\google\protobuf\thread_safe_arena.h(139,30): warning C4251: 'google::protobuf::internal::ThreadSafeArena::arena_stats_': 'google::protobuf::internal::ThreadSafeArenaStatsHandle' needs to have dll-interface to be used by clients of 'google::protobuf::internal::ThreadSafeArena'
C:\Users\makow\vcpkg\installed\x64-windows\include\google\protobuf\thread_safe_arena.h(142,15): warning C4251: 'google::protobuf::internal::ThreadSafeArena::mutex_': 'absl::lts_20240116::Mutex' needs to have dll-interface to be used by clients of 'google::protobuf::internal::ThreadSafeArena'
C:\Users\makow\vcpkg\installed\x64-windows\include\google\protobuf\thread_safe_arena.h(144,34): warning C4251: 'google::protobuf::internal::ThreadSafeArena::head_': 'std::atomic<google::protobuf::internal::ThreadSafeArena::SerialArenaChunk *>' needs to have dll-interface to be used by clients of 'google::protobuf::internal::ThreadSafeArena'
C:\Users\makow\vcpkg\installed\x64-windows\include\google\protobuf\thread_safe_arena.h(241,39): warning C4251: 'google::protobuf::internal::ThreadSafeArena::lifecycle_id_': 'std::atomic<unsigned __int64>' needs to have dll-interface to be used by clients of 'google::protobuf::internal::ThreadSafeArena'
C:\Users\makow\vcpkg\installed\x64-windows\include\google\protobuf\arenastring.h(60,43): warning C4251: 'google::protobuf::internal::LazyString::inited_': 'std::atomic<const std::string *>' needs to have dll-interface to be used by clients of 'google::protobuf::internal::LazyString'
C:\Users\makow\vcpkg\installed\x64-windows\include\google\protobuf\metadata_lite.h(248,15): warning C4251: 'google::protobuf::internal::LiteUnknownFieldSetter::buffer_': 'std::basic_string<char,std::char_traits<char>,std::allocator<char>>' needs to have dll-interface to be used by clients of 'google::protobuf::internal::LiteUnknownFieldSetter'
C:\Users\makow\vcpkg\installed\x64-windows\include\google\protobuf\message_lite.h(117,23): warning C4251: 'google::protobuf::internal::CachedSize::atom_': 'std::atomic<int>' needs to have dll-interface to be used by clients of 'google::protobuf::internal::CachedSize'
C:\Users\makow\vcpkg\installed\x64-windows\include\google\protobuf\extension_set.h(1059,26): warning C4251: 'google::protobuf::internal::RepeatedPrimitiveDefaults::default_repeated_field_int32_t_': 'google::protobuf::RepeatedField<int>' needs to have dll-interface to be used by clients of 'google::protobuf::internal::RepeatedPrimitiveDefaults'
C:\Users\makow\vcpkg\installed\x64-windows\include\google\protobuf\extension_set.h(1060,26): warning C4251: 'google::protobuf::internal::RepeatedPrimitiveDefaults::default_repeated_field_int64_t_': 'google::protobuf::RepeatedField<int64_t>' needs to have dll-interface to be used by clients of 'google::protobuf::internal::RepeatedPrimitiveDefaults'
C:\Users\makow\vcpkg\installed\x64-windows\include\google\protobuf\extension_set.h(1061,27): warning C4251: 'google::protobuf::internal::RepeatedPrimitiveDefaults::default_repeated_field_uint32_t_': 'google::protobuf::RepeatedField<uint32_t>' needs to have dll-interface to be used by clients of 'google::protobuf::internal::RepeatedPrimitiveDefaults'
C:\Users\makow\vcpkg\installed\x64-windows\include\google\protobuf\extension_set.h(1062,27): warning C4251: 'google::protobuf::internal::RepeatedPrimitiveDefaults::default_repeated_field_uint64_t_': 'google::protobuf::RepeatedField<uint64_t>' needs to have dll-interface to be used by clients of 'google::protobuf::internal::RepeatedPrimitiveDefaults'
C:\Users\makow\vcpkg\installed\x64-windows\include\google\protobuf\extension_set.h(1063,25): warning C4251: 'google::protobuf::internal::RepeatedPrimitiveDefaults::default_repeated_field_double_': 'google::protobuf::RepeatedField<double>' needs to have dll-interface to be used by clients of 'google::protobuf::internal::RepeatedPrimitiveDefaults'
C:\Users\makow\vcpkg\installed\x64-windows\include\google\protobuf\extension_set.h(1064,24): warning C4251: 'google::protobuf::internal::RepeatedPrimitiveDefaults::default_repeated_field_float_': 'google::protobuf::RepeatedField<float>' needs to have dll-interface to be used by clients of 'google::protobuf::internal::RepeatedPrimitiveDefaults'
C:\Users\makow\vcpkg\installed\x64-windows\include\google\protobuf\extension_set.h(1065,23): warning C4251: 'google::protobuf::internal::RepeatedPrimitiveDefaults::default_repeated_field_bool_': 'google::protobuf::RepeatedField<bool>' needs to have dll-interface to be used by clients of 'google::protobuf::internal::RepeatedPrimitiveDefaults'
C:\Users\makow\vcpkg\installed\x64-windows\include\google\protobuf\descriptor.h(2461,27): warning C4251: 'google::protobuf::DescriptorPool::tables_': 'std::unique_ptr<google::protobuf::DescriptorPool::Tables,std::default_delete<google::protobuf::DescriptorPool::Tables>>' needs to have dll-interface to be used by clients of 'google::protobuf::DescriptorPool'
C:\Users\makow\vcpkg\installed\x64-windows\include\google\protobuf\descriptor.h(2474,42): warning C4251: 'google::protobuf::DescriptorPool::unused_import_track_files_': 'absl::lts_20240116::flat_hash_map<std::string,bool,absl::lts_20240116::container_internal::StringHash,absl::lts_20240116::container_internal::StringEq,std::allocator<std::pair<const K,V>>>' needs to have dll-interface to be used by clients of 'google::protobuf::DescriptorPool'
C:\Users\makow\vcpkg\installed\x64-windows\include\google\protobuf\descriptor.h(2474,42): warning C4251:         with
C:\Users\makow\vcpkg\installed\x64-windows\include\google\protobuf\descriptor.h(2474,42): warning C4251:         [
C:\Users\makow\vcpkg\installed\x64-windows\include\google\protobuf\descriptor.h(2474,42): warning C4251:             K=std::string,
C:\Users\makow\vcpkg\installed\x64-windows\include\google\protobuf\descriptor.h(2474,42): warning C4251:             V=bool
C:\Users\makow\vcpkg\installed\x64-windows\include\google\protobuf\descriptor.h(2474,42): warning C4251:         ]
C:\Users\makow\vcpkg\installed\x64-windows\include\google\protobuf\descriptor.h(2478,39): warning C4251: 'google::protobuf::DescriptorPool::feature_set_defaults_spec_': 'std::unique_ptr<google::protobuf::FeatureSetDefaults,std::default_delete<google::protobuf::FeatureSetDefaults>>' needs to have dll-interface to be used by clients of 'google::protobuf::DescriptorPool'
C:\Users\makow\vcpkg\installed\x64-windows\include\google\protobuf\io\zero_copy_stream_impl_lite.h(234,30): warning C4251: 'google::protobuf::io::CopyingInputStreamAdaptor::buffer_': 'std::unique_ptr<uint8_t [],std::default_delete<uint8_t []>>' needs to have dll-interface to be used by clients of 'google::protobuf::io::CopyingInputStreamAdaptor'
C:\Users\makow\vcpkg\installed\x64-windows\include\google\protobuf\io\zero_copy_stream_impl_lite.h(328,30): warning C4251: 'google::protobuf::io::CopyingOutputStreamAdaptor::buffer_': 'std::unique_ptr<uint8_t [],std::default_delete<uint8_t []>>' needs to have dll-interface to be used by clients of 'google::protobuf::io::CopyingOutputStreamAdaptor'
C:\Users\makow\vcpkg\installed\x64-windows\include\google\protobuf\io\zero_copy_stream_impl_lite.h(402,28): warning C4251: 'google::protobuf::io::CordInputStream::it_': 'absl::lts_20240116::Cord::CharIterator' needs to have dll-interface to be used by clients of 'google::protobuf::io::CordInputStream'
C:\Users\makow\vcpkg\installed\x64-windows\include\google\protobuf\io\zero_copy_stream_impl_lite.h(486,14): warning C4251: 'google::protobuf::io::CordOutputStream::cord_': 'absl::lts_20240116::Cord' needs to have dll-interface to be used by clients of 'google::protobuf::io::CordOutputStream'
C:\Users\makow\vcpkg\installed\x64-windows\include\google\protobuf\io\zero_copy_stream_impl_lite.h(489,20): warning C4251: 'google::protobuf::io::CordOutputStream::buffer_': 'absl::lts_20240116::CordBuffer' needs to have dll-interface to be used by clients of 'google::protobuf::io::CordOutputStream'
C:\Users\makow\vcpkg\installed\x64-windows\include\google\protobuf\unknown_field_set.h(190,29): warning C4251: 'google::protobuf::UnknownFieldSet::fields_': 'std::vector<google::protobuf::UnknownField,std::allocator<google::protobuf::UnknownField>>' needs to have dll-interface to be used by clients of 'google::protobuf::UnknownFieldSet'
C:\Users\makow\vcpkg\installed\x64-windows\include\google\protobuf\map.h(773,13): warning C4251: 'google::protobuf::internal::UntypedMapBase::alloc_': 'google::protobuf::internal::MapAllocator<void *>' needs to have dll-interface to be used by clients of 'google::protobuf::internal::UntypedMapBase'
C:\Users\makow\vcpkg\installed\x64-windows\include\google\protobuf\map.h(689,19): warning C4244: 'initializing': conversion from 'uintptr_t' to 'google::protobuf::internal::map_index_t', possible loss of data
C:\Users\makow\vcpkg\installed\x64-windows\include\google\protobuf\message.h(1027,27): warning C4251: 'google::protobuf::Reflection::tcparse_table_once_': 'absl::lts_20240116::once_flag' needs to have dll-interface to be used by clients of 'google::protobuf::Reflection'
  ServerStopwatch.cpp
  Please define _WIN32_WINNT or _WIN32_WINDOWS appropriately. For example:
  - add -D_WIN32_WINNT=0x0601 to the compiler command line; or
  - add _WIN32_WINNT=0x0601 to your project's Preprocessor Definitions.
  Assuming _WIN32_WINNT=0x0601 (i.e. Windows 7 target).
  ZoneConnection.cpp
  Please define _WIN32_WINNT or _WIN32_WINDOWS appropriately. For example:
  - add -D_WIN32_WINNT=0x0601 to the compiler command line; or
  - add _WIN32_WINNT=0x0601 to your project's Preprocessor Definitions.
  Assuming _WIN32_WINNT=0x0601 (i.e. Windows 7 target).
  Generating Code...
